<?xml version="1.0" encoding="UTF-8"?>
<testsuite name="agh.ics.oop.AnimalTest" tests="4" skipped="0" failures="0" errors="0" timestamp="2022-11-14T15:06:56" hostname="LAPTOP-LQ0MESR8" time="0.086">
  <properties/>
  <testcase name="orientationTest()" classname="agh.ics.oop.AnimalTest" time="0.065"/>
  <testcase name="moveTest()" classname="agh.ics.oop.AnimalTest" time="0.009"/>
  <testcase name="goingOutMap()" classname="agh.ics.oop.AnimalTest" time="0.002"/>
  <testcase name="moveTest2()" classname="agh.ics.oop.AnimalTest" time="0.003"/>
  <system-out><![CDATA[]]></system-out>
  <system-err><![CDATA[]]></system-err>
</testsuite>
