<?xml version="1.0" encoding="UTF-8"?>
<testsuite name="agh.ics.oop.MapDirectionTest" tests="1" skipped="0" failures="0" errors="0" timestamp="2022-10-15T11:28:18" hostname="LAPTOP-LQ0MESR8" time="0.021">
  <properties/>
  <testcase name="MapDirectionNext_WhenMapDirectionWest_ShouldReturnNorth()" classname="agh.ics.oop.MapDirectionTest" time="0.021"/>
  <system-out><![CDATA[]]></system-out>
  <system-err><![CDATA[]]></system-err>
</testsuite>
