<?xml version="1.0" encoding="UTF-8"?>
<testsuite name="agh.ics.oop.AnimalTest" tests="3" skipped="0" failures="0" errors="0" timestamp="2022-10-23T17:36:42" hostname="LAPTOP-LQ0MESR8" time="0.029">
  <properties/>
  <testcase name="orientationTest()" classname="agh.ics.oop.AnimalTest" time="0.023"/>
  <testcase name="moveTest()" classname="agh.ics.oop.AnimalTest" time="0.003"/>
  <testcase name="goingOutMap()" classname="agh.ics.oop.AnimalTest" time="0.001"/>
  <system-out><![CDATA[]]></system-out>
  <system-err><![CDATA[]]></system-err>
</testsuite>
