<?xml version="1.0" encoding="UTF-8"?>
<testsuite name="agh.ics.oop.GrassFieldTest" tests="4" skipped="0" failures="0" errors="0" timestamp="2022-12-04T11:47:21" hostname="LAPTOP-LQ0MESR8" time="0.03">
  <properties/>
  <testcase name="canMoveTo()" classname="agh.ics.oop.GrassFieldTest" time="0.024"/>
  <testcase name="isOccupied()" classname="agh.ics.oop.GrassFieldTest" time="0.001"/>
  <testcase name="objectAt()" classname="agh.ics.oop.GrassFieldTest" time="0.003"/>
  <testcase name="place()" classname="agh.ics.oop.GrassFieldTest" time="0.001"/>
  <system-out><![CDATA[]]></system-out>
  <system-err><![CDATA[]]></system-err>
</testsuite>
